  Win32Input.cpp
  Vector3.cpp
  Vector2.cpp
  Utility.cpp
  timer.cpp
  ShaderProgram.cpp
  SceneManager.cpp
  RenderHelper.cpp
  Mtx44.cpp
  MouseController.cpp
  MeshBuilder.cpp
  Mesh.cpp
  MatrixStack.cpp
  MathUtility.cpp
  LoadTGA.cpp
  LoadOBJ.cpp
  LightBase.cpp
  KeyboardController.cpp
  GraphicsManager.cpp
  EntityBase.cpp
  Generating Code...
  Compiling...
  Collider.cpp
  CameraBase.cpp
  Generating Code...
  Common.vcxproj -> C:\Users\160283Z\Desktop\School_Work\Advance Game Development and Technology\NYP_Framework_SOLUTION\Debug\Common.lib
