c:\users\160283z\desktop\school_work\advance game development and technology\nyp_framework_solution\base\debug\vc140.pdb
c:\users\160283z\desktop\school_work\advance game development and technology\nyp_framework_solution\base\debug\vc140.idb
c:\users\160283z\desktop\school_work\advance game development and technology\nyp_framework_solution\base\debug\application.obj
c:\users\160283z\desktop\school_work\advance game development and technology\nyp_framework_solution\base\debug\entitymanager.obj
c:\users\160283z\desktop\school_work\advance game development and technology\nyp_framework_solution\base\debug\fpscamera.obj
c:\users\160283z\desktop\school_work\advance game development and technology\nyp_framework_solution\base\debug\genericentity.obj
c:\users\160283z\desktop\school_work\advance game development and technology\nyp_framework_solution\base\debug\groundentity.obj
c:\users\160283z\desktop\school_work\advance game development and technology\nyp_framework_solution\base\debug\light.obj
c:\users\160283z\desktop\school_work\advance game development and technology\nyp_framework_solution\base\debug\main.obj
c:\users\160283z\desktop\school_work\advance game development and technology\nyp_framework_solution\base\debug\objmesh.obj
c:\users\160283z\desktop\school_work\advance game development and technology\nyp_framework_solution\base\debug\playerinfo.obj
c:\users\160283z\desktop\school_work\advance game development and technology\nyp_framework_solution\base\debug\projectile.obj
c:\users\160283z\desktop\school_work\advance game development and technology\nyp_framework_solution\base\debug\scenetext.obj
c:\users\160283z\desktop\school_work\advance game development and technology\nyp_framework_solution\base\debug\skyboxentity.obj
c:\users\160283z\desktop\school_work\advance game development and technology\nyp_framework_solution\base\debug\spriteentity.obj
c:\users\160283z\desktop\school_work\advance game development and technology\nyp_framework_solution\base\debug\textentity.obj
c:\users\160283z\desktop\school_work\advance game development and technology\nyp_framework_solution\base\debug\pistol.obj
c:\users\160283z\desktop\school_work\advance game development and technology\nyp_framework_solution\base\debug\weaponinfo.obj
c:\users\160283z\desktop\school_work\advance game development and technology\nyp_framework_solution\debug\base.exe
c:\users\160283z\desktop\school_work\advance game development and technology\nyp_framework_solution\debug\base.pdb
c:\users\160283z\desktop\school_work\advance game development and technology\nyp_framework_solution\base\debug\base.tlog\cl.command.1.tlog
c:\users\160283z\desktop\school_work\advance game development and technology\nyp_framework_solution\base\debug\base.tlog\cl.read.1.tlog
c:\users\160283z\desktop\school_work\advance game development and technology\nyp_framework_solution\base\debug\base.tlog\cl.write.1.tlog
c:\users\160283z\desktop\school_work\advance game development and technology\nyp_framework_solution\base\debug\base.tlog\link.command.1.tlog
c:\users\160283z\desktop\school_work\advance game development and technology\nyp_framework_solution\base\debug\base.tlog\link.read.1.tlog
c:\users\160283z\desktop\school_work\advance game development and technology\nyp_framework_solution\base\debug\base.tlog\link.write.1.tlog
